<?xml version="1.0" encoding="UTF-8"?>
<!-- Generated by org.testng.reporters.JUnitXMLReporter -->
<testsuite ignored="0" hostname="DESKTOP-EIC3NR5" failures="0" tests="2" name="Default test" time="33.024" errors="0" timestamp="30 Nov 2021 15:22:24 GMT">
  <testcase classname="selenium.Level_00_Register_Login_Step_By_Step" name="TC_01_Register" time="15.055"/>
  <testcase classname="selenium.Level_00_Register_Login_Step_By_Step" name="TC_02_Login" time="8.012"/>
</testsuite> <!-- Default test -->
