<?xml version="1.0" encoding="UTF-8"?>
<!-- Generated by org.testng.reporters.JUnitXMLReporter -->
<testsuite ignored="0" hostname="DESKTOP-EIC3NR5" failures="0" tests="2" name="Run on CHROME" time="39.434" errors="0" timestamp="02 Dec 2021 14:43:20 GMT">
  <testcase classname="selenium.Level_00_Register_Login_Step_By_Step" name="TC_01_Register" time="20.109"/>
  <testcase classname="selenium.Level_00_Register_Login_Step_By_Step" name="TC_02_Login" time="9.344"/>
</testsuite> <!-- Run on CHROME -->
