<?xml version="1.0" encoding="UTF-8"?>
<testng-results ignored="0" total="4" passed="4" failed="0" skipped="0">
  <reporter-output>
  </reporter-output>
  <suite started-at="2021-12-02T14:42:40Z" name="Selenium Grid" finished-at="2021-12-02T14:43:22Z" duration-ms="41401">
    <groups>
    </groups>
    <test started-at="2021-12-02T14:42:40Z" name="Run on CHROME" finished-at="2021-12-02T14:43:20Z" duration-ms="39434">
      <class name="selenium.Level_00_Register_Login_Step_By_Step">
        <test-method is-config="true" signature="beforeClass(java.lang.String, java.lang.String, java.lang.String)[pri:0, instance:selenium.Level_00_Register_Login_Step_By_Step@63475ace]" started-at="2021-12-02T14:42:40Z" name="beforeClass" finished-at="2021-12-02T14:42:50Z" duration-ms="9839" status="PASS">
          <params>
            <param index="0">
              <value>
                <![CDATA[chrome]]>
              </value>
            </param>
            <param index="1">
              <value>
                <![CDATA[192.168.1.8]]>
              </value>
            </param>
            <param index="2">
              <value>
                <![CDATA[6666]]>
              </value>
            </param>
          </params>
          <reporter-output>
          </reporter-output>
        </test-method> <!-- beforeClass -->
        <test-method signature="TC_01_Register()[pri:0, instance:selenium.Level_00_Register_Login_Step_By_Step@63475ace]" started-at="2021-12-02T14:42:50Z" name="TC_01_Register" finished-at="2021-12-02T14:43:10Z" duration-ms="20109" status="PASS">
          <reporter-output>
          </reporter-output>
        </test-method> <!-- TC_01_Register -->
        <test-method signature="TC_02_Login()[pri:0, instance:selenium.Level_00_Register_Login_Step_By_Step@63475ace]" started-at="2021-12-02T14:43:10Z" name="TC_02_Login" finished-at="2021-12-02T14:43:20Z" duration-ms="9344" status="PASS">
          <reporter-output>
          </reporter-output>
        </test-method> <!-- TC_02_Login -->
        <test-method is-config="true" signature="afterClass()[pri:0, instance:selenium.Level_00_Register_Login_Step_By_Step@63475ace]" started-at="2021-12-02T14:43:20Z" name="afterClass" finished-at="2021-12-02T14:43:20Z" duration-ms="93" status="PASS">
          <reporter-output>
          </reporter-output>
        </test-method> <!-- afterClass -->
      </class> <!-- selenium.Level_00_Register_Login_Step_By_Step -->
    </test> <!-- Run on CHROME -->
    <test started-at="2021-12-02T14:42:40Z" name="Run on FIREFOX" finished-at="2021-12-02T14:43:22Z" duration-ms="41401">
      <class name="selenium.Level_00_Register_Login_Step_By_Step">
        <test-method is-config="true" signature="beforeClass(java.lang.String, java.lang.String, java.lang.String)[pri:0, instance:selenium.Level_00_Register_Login_Step_By_Step@2a5c8d3f]" started-at="2021-12-02T14:42:40Z" name="beforeClass" finished-at="2021-12-02T14:42:55Z" duration-ms="14360" status="PASS">
          <params>
            <param index="0">
              <value>
                <![CDATA[firefox]]>
              </value>
            </param>
            <param index="1">
              <value>
                <![CDATA[192.168.1.8]]>
              </value>
            </param>
            <param index="2">
              <value>
                <![CDATA[6666]]>
              </value>
            </param>
          </params>
          <reporter-output>
          </reporter-output>
        </test-method> <!-- beforeClass -->
        <test-method signature="TC_01_Register()[pri:0, instance:selenium.Level_00_Register_Login_Step_By_Step@2a5c8d3f]" started-at="2021-12-02T14:42:55Z" name="TC_01_Register" finished-at="2021-12-02T14:43:12Z" duration-ms="17217" status="PASS">
          <reporter-output>
          </reporter-output>
        </test-method> <!-- TC_01_Register -->
        <test-method signature="TC_02_Login()[pri:0, instance:selenium.Level_00_Register_Login_Step_By_Step@2a5c8d3f]" started-at="2021-12-02T14:43:12Z" name="TC_02_Login" finished-at="2021-12-02T14:43:20Z" duration-ms="8648" status="PASS">
          <reporter-output>
          </reporter-output>
        </test-method> <!-- TC_02_Login -->
        <test-method is-config="true" signature="afterClass()[pri:0, instance:selenium.Level_00_Register_Login_Step_By_Step@2a5c8d3f]" started-at="2021-12-02T14:43:20Z" name="afterClass" finished-at="2021-12-02T14:43:22Z" duration-ms="1147" status="PASS">
          <reporter-output>
          </reporter-output>
        </test-method> <!-- afterClass -->
      </class> <!-- selenium.Level_00_Register_Login_Step_By_Step -->
    </test> <!-- Run on FIREFOX -->
  </suite> <!-- Selenium Grid -->
</testng-results>
